<?xml version="1.0" encoding="UTF-8"?>
<testng-results ignored="0" total="1" passed="1" failed="0" skipped="0">
  <reporter-output>
  </reporter-output>
  <suite started-at="2021-06-12T17:51:40Z" name="Retry" finished-at="2021-06-12T17:51:47Z" duration-ms="6352">
    <groups>
    </groups>
    <test started-at="2021-06-12T17:51:40Z" name="Test" finished-at="2021-06-12T17:51:47Z" duration-ms="6352">
      <class name="selenium.jenkinstest2.TestClass">
        <test-method is-config="true" signature="beforeClass()[pri:0, instance:selenium.jenkinstest2.TestClass@707194ba]" started-at="2021-06-12T17:51:40Z" name="beforeClass" finished-at="2021-06-12T17:51:44Z" duration-ms="3631" status="PASS">
          <reporter-output>
          </reporter-output>
        </test-method> <!-- beforeClass -->
        <test-method signature="testCase1()[pri:0, instance:selenium.jenkinstest2.TestClass@707194ba]" started-at="2021-06-12T17:51:44Z" name="testCase1" finished-at="2021-06-12T17:51:46Z" duration-ms="2620" status="PASS">
          <reporter-output>
          </reporter-output>
        </test-method> <!-- testCase1 -->
        <test-method is-config="true" signature="afterClass()[pri:0, instance:selenium.jenkinstest2.TestClass@707194ba]" started-at="2021-06-12T17:51:46Z" name="afterClass" finished-at="2021-06-12T17:51:47Z" duration-ms="77" status="PASS">
          <reporter-output>
          </reporter-output>
        </test-method> <!-- afterClass -->
      </class> <!-- selenium.jenkinstest2.TestClass -->
    </test> <!-- Test -->
  </suite> <!-- Retry -->
</testng-results>
